<?xml version="1.0" encoding="UTF-8"?>
<!-- Generated by org.testng.reporters.JUnitXMLReporter -->
<testsuite ignored="13" hostname="MBA020481.local" failures="0" tests="0" name="Run All Smoke Tests" time="5.38" errors="0" timestamp="2026-01-28T11:22:19 JST">
  <testcase classname="com.hang.testcases.user.ProfileTest" name="checkElementsDisplay" time="0.0">
    <ignored/>
  </testcase> <!-- checkElementsDisplay -->
  <testcase classname="com.hang.testcases.user.CartTest" name="testAddToCart" time="0.0">
    <ignored/>
  </testcase> <!-- testAddToCart -->
  <testcase classname="com.hang.testcases.user.ProfileTest" name="editNewlyCreatedAddress" time="0.0">
    <ignored/>
  </testcase> <!-- editNewlyCreatedAddress -->
  <testcase classname="com.hang.testcases.user.CartTest" name="addNewProductFromDataProvider" time="0.0">
    <ignored/>
  </testcase> <!-- addNewProductFromDataProvider -->
  <testcase classname="com.hang.testcases.user.ProfileTest" name="updateDataByDataProvider" time="0.0">
    <ignored/>
  </testcase> <!-- updateDataByDataProvider -->
  <testcase classname="com.hang.testcases.user.CartTest" name="checkoutProcess" time="0.0">
    <ignored/>
  </testcase> <!-- checkoutProcess -->
  <testcase classname="com.hang.testcases.user.LoginTest" name="loginWithInvalidEmail" time="0.0">
    <ignored/>
  </testcase> <!-- loginWithInvalidEmail -->
  <testcase classname="com.hang.testcases.user.E2Eflow" name="compareDataBetweenUserAndAdmin" time="0.0">
    <ignored/>
  </testcase> <!-- compareDataBetweenUserAndAdmin -->
  <testcase classname="com.hang.testcases.user.E2Eflow" name="testCheckoutFlow" time="0.0">
    <ignored/>
  </testcase> <!-- testCheckoutFlow -->
  <testcase classname="com.hang.testcases.user.ProfileTest" name="addNewAddressForm" time="0.0">
    <ignored/>
  </testcase> <!-- addNewAddressForm -->
  <testcase classname="com.hang.testcases.user.ProfileTest" name="testUploadFile_macOS" time="0.0">
    <ignored/>
  </testcase> <!-- testUploadFile_macOS -->
  <testcase classname="com.hang.testcases.user.ProductTest" name="crawlProductDetailIntoExcel" time="0.0">
    <ignored/>
  </testcase> <!-- crawlProductDetailIntoExcel -->
  <testcase classname="com.hang.testcases.user.ProductTest" name="searchAndSelectProduct" time="0.0">
    <ignored/>
  </testcase> <!-- searchAndSelectProduct -->
</testsuite> <!-- Run All Smoke Tests -->
